TN:
SF:/home/iguo/repos/quanttide/default/quanttide-tech/apps/qtadmin/src/cli/src/asset/audit.rs
FN:33,AuditReport::passed_count
FN:37,AuditReport::failed_count
FN:41,AuditReport::total_count
FN:45,AuditReport::pass_rate
FN:52,AuditReport::format_report
FN:118,GitRepoAuditor::new
FN:127,GitRepoAuditor::audit
FN:152,GitRepoAuditor::add_result
FN:156,GitRepoAuditor::read_file
FN:160,GitRepoAuditor::check_required_files
FN:181,GitRepoAuditor::check_optional_dirs
FN:202,GitRepoAuditor::check_readme_content
FN:240,GitRepoAuditor::check_contributing_content
FN:279,GitRepoAuditor::check_agents_content
FN:320,GitRepoAuditor::check_changelog_format
FN:350,GitRepoAuditor::check_gitignore_content
FN:386,GitRepoAuditor::check_submodules
FN:433,GitRepoAuditor::check_recent_commits
FN:486,GitRepoAuditor::check_release_consistency
FN:542,GitRepoAuditor::read_version_from_pyproject
FN:551,GitRepoAuditor::read_version_from_cargo
FN:561,run
FNF:22
FNDA:2,AuditReport::passed_count
FNDA:1,AuditReport::failed_count
FNDA:2,AuditReport::total_count
FNDA:1,AuditReport::pass_rate
FNDA:1,AuditReport::format_report
FNDA:1,GitRepoAuditor::new
FNDA:0,GitRepoAuditor::audit
FNDA:2,GitRepoAuditor::add_result
FNDA:4,GitRepoAuditor::read_file
FNDA:1,GitRepoAuditor::check_required_files
FNDA:1,GitRepoAuditor::check_optional_dirs
FNDA:1,GitRepoAuditor::check_readme_content
FNDA:2,GitRepoAuditor::check_contributing_content
FNDA:1,GitRepoAuditor::check_agents_content
FNDA:1,GitRepoAuditor::check_changelog_format
FNDA:1,GitRepoAuditor::check_gitignore_content
FNDA:2,GitRepoAuditor::check_submodules
FNDA:1,GitRepoAuditor::check_recent_commits
FNDA:1,GitRepoAuditor::check_release_consistency
FNDA:1,GitRepoAuditor::read_version_from_pyproject
FNDA:1,GitRepoAuditor::read_version_from_cargo
FNDA:0,run
DA:33,2
DA:34,4
DA:37,1
DA:38,3
DA:41,2
DA:42,2
DA:45,1
DA:46,1
DA:47,1
DA:49,1
DA:52,1
DA:53,1
DA:55,2
DA:56,2
DA:57,3
DA:58,3
DA:59,2
DA:61,1
DA:62,1
DA:63,1
DA:65,2
DA:67,9
DA:68,6
DA:69,2
DA:70,2
DA:71,1
DA:72,1
DA:73,1
DA:74,1
DA:79,1
DA:80,3
DA:81,2
DA:82,1
DA:83,1
DA:84,1
DA:89,2
DA:91,1
DA:92,2
DA:94,2
DA:97,1
DA:118,1
DA:120,1
DA:123,1
DA:127,0
DA:128,0
DA:129,0
DA:131,0
DA:132,0
DA:135,0
DA:136,0
DA:137,0
DA:138,0
DA:139,0
DA:140,0
DA:141,0
DA:142,0
DA:143,0
DA:144,0
DA:146,0
DA:147,0
DA:148,0
DA:152,2
DA:153,2
DA:156,4
DA:157,1
DA:160,1
DA:161,2
DA:162,1
DA:163,2
DA:164,1
DA:165,1
DA:167,1
DA:168,2
DA:170,2
DA:172,2
DA:173,2
DA:175,1
DA:181,1
DA:182,2
DA:183,1
DA:184,3
DA:185,1
DA:186,2
DA:187,1
DA:188,1
DA:189,2
DA:191,2
DA:193,2
DA:194,2
DA:196,1
DA:202,1
DA:203,1
DA:204,2
DA:205,1
DA:209,2
DA:210,2
DA:212,3
DA:214,2
DA:215,2
DA:216,1
DA:217,2
DA:218,2
DA:219,1
DA:220,1
DA:221,1
DA:223,2
DA:224,1
DA:225,1
DA:226,1
DA:227,1
DA:228,2
DA:230,2
DA:232,2
DA:233,2
DA:235,1
DA:240,2
DA:241,2
DA:242,4
DA:243,2
DA:247,2
DA:248,2
DA:249,2
DA:250,2
DA:251,2
DA:254,2
DA:255,4
DA:256,8
DA:257,2
DA:258,1
DA:262,1
DA:263,2
DA:264,2
DA:266,2
DA:267,2
DA:269,2
DA:271,3
DA:272,2
DA:274,1
DA:279,1
DA:280,1
DA:281,2
DA:282,1
DA:286,2
DA:287,1
DA:288,2
DA:289,3
DA:290,2
DA:291,1
DA:292,1
DA:293,3
DA:294,2
DA:295,2
DA:296,1
DA:298,2
DA:299,1
DA:300,1
DA:301,1
DA:302,1
DA:303,2
DA:307,2
DA:309,2
DA:310,1
DA:312,1
DA:315,1
DA:320,1
DA:321,1
DA:322,2
DA:323,2
DA:327,4
DA:328,2
DA:330,2
DA:331,2
DA:332,1
DA:333,2
DA:334,2
DA:335,2
DA:337,2
DA:339,3
DA:340,1
DA:342,1
DA:345,1
DA:350,1
DA:351,1
DA:352,2
DA:353,1
DA:357,2
DA:358,1
DA:359,1
DA:360,1
DA:361,1
DA:366,6
DA:369,4
DA:370,2
DA:371,2
DA:373,2
DA:374,2
DA:376,2
DA:378,3
DA:379,2
DA:381,1
DA:386,2
DA:387,2
DA:389,4
DA:390,1
DA:391,1
DA:393,1
DA:394,1
DA:399,2
DA:400,1
DA:403,2
DA:405,1
DA:408,1
DA:409,1
DA:410,2
DA:412,1
DA:414,0
DA:417,1
DA:418,1
DA:419,1
DA:420,1
DA:421,2
DA:423,0
DA:425,2
DA:426,0
DA:428,1
DA:433,1
DA:434,1
DA:437,2
DA:438,2
DA:439,2
DA:441,6
DA:442,6
DA:444,2
DA:447,2
DA:457,3
DA:459,2
DA:460,2
DA:461,4
DA:465,2
DA:466,2
DA:468,2
DA:469,2
DA:471,2
DA:473,4
DA:475,3
DA:476,1
DA:478,1
DA:481,1
DA:486,1
DA:487,1
DA:488,2
DA:489,1
DA:495,3
DA:496,1
DA:497,1
DA:501,3
DA:503,2
DA:506,2
DA:508,2
DA:509,2
DA:510,1
DA:512,2
DA:513,2
DA:515,2
DA:516,1
DA:517,3
DA:518,1
DA:522,1
DA:523,1
DA:524,1
DA:525,1
DA:526,1
DA:527,2
DA:529,0
DA:531,2
DA:532,0
DA:534,0
DA:537,1
DA:542,1
DA:543,1
DA:544,3
DA:545,0
DA:546,0
DA:547,0
DA:548,0
DA:551,1
DA:552,1
DA:553,2
DA:554,2
DA:555,2
DA:556,3
DA:557,3
DA:561,0
DA:562,0
DA:563,0
DA:564,0
DA:565,0
DA:566,0
LF:298
LH:264
end_of_record
TN:
SF:/home/iguo/repos/quanttide/default/quanttide-tech/apps/qtadmin/src/cli/src/asset/backup.rs
FN:27,get_project_root
FN:41,parse_date_from_filename
FN:50,scan_journal_files
FN:99,filter_old_files
FN:113,move_files
FN:199,format_summary
FN:209,run
FNF:7
FNDA:0,get_project_root
FNDA:1,parse_date_from_filename
FNDA:1,scan_journal_files
FNDA:1,filter_old_files
FNDA:1,move_files
FNDA:0,format_summary
FNDA:0,run
DA:27,0
DA:28,0
DA:30,0
DA:31,0
DA:32,0
DA:33,0
DA:35,0
DA:36,0
DA:41,1
DA:42,1
DA:43,2
DA:44,1
DA:46,3
DA:47,1
DA:50,1
DA:51,1
DA:52,1
DA:55,1
DA:57,5
DA:58,1
DA:59,2
DA:60,2
DA:61,1
DA:62,3
DA:63,1
DA:66,4
DA:67,2
DA:70,1
DA:71,1
DA:75,1
DA:76,1
DA:80,1
DA:81,1
DA:82,4
DA:83,1
DA:90,0
DA:93,2
DA:96,1
DA:99,1
DA:103,2
DA:104,1
DA:106,3
DA:107,1
DA:108,1
DA:113,1
DA:120,1
DA:122,3
DA:123,3
DA:124,2
DA:126,5
DA:127,4
DA:128,3
DA:129,2
DA:130,2
DA:131,3
DA:133,0
DA:134,0
DA:135,0
DA:138,4
DA:139,1
DA:149,1
DA:150,2
DA:162,2
DA:163,2
DA:165,2
DA:166,0
DA:167,0
DA:168,0
DA:170,0
DA:171,0
DA:174,0
DA:175,0
DA:177,0
DA:180,2
DA:193,2
DA:196,1
DA:199,0
DA:200,0
DA:202,0
DA:203,0
DA:204,0
DA:209,0
DA:210,0
DA:211,0
DA:212,0
DA:214,0
DA:216,0
DA:217,0
DA:219,0
DA:220,0
DA:221,0
DA:222,0
DA:225,0
DA:226,0
DA:227,0
DA:228,0
DA:235,0
DA:236,0
DA:237,0
DA:238,0
DA:239,0
DA:240,0
DA:244,0
DA:246,0
DA:247,0
DA:248,0
DA:249,0
DA:250,0
DA:253,0
DA:254,0
DA:255,0
DA:258,0
DA:259,0
DA:260,0
DA:263,0
DA:264,0
DA:265,0
DA:267,0
DA:268,0
DA:270,0
DA:271,0
DA:274,0
DA:276,0
DA:278,0
DA:281,0
DA:284,0
DA:286,0
DA:289,0
DA:292,0
DA:293,0
LF:130
LH:56
end_of_record
TN:
SF:/home/iguo/repos/quanttide/default/quanttide-tech/apps/qtadmin/src/cli/src/asset/mod.rs
FN:20,dispatch
FNF:1
FNDA:0,dispatch
DA:20,0
DA:21,0
DA:22,0
DA:23,0
DA:24,0
DA:27,0
DA:28,0
DA:30,0
DA:31,0
DA:32,0
DA:33,0
LF:11
LH:0
end_of_record
TN:
SF:/home/iguo/repos/quanttide/default/quanttide-tech/apps/qtadmin/src/cli/src/business/mod.rs
FN:27,<impl OrderStore for FileOrderStore>::load
FN:38,order_path
FN:68,dispatch
FNF:3
FNDA:0,<impl OrderStore for FileOrderStore>::load
FNDA:0,order_path
FNDA:0,dispatch
DA:27,0
DA:28,0
DA:29,0
DA:30,0
DA:31,0
DA:34,0
DA:38,0
DA:39,0
DA:40,0
DA:41,0
DA:43,0
DA:44,0
DA:46,0
DA:47,0
DA:49,0
DA:68,0
DA:69,0
DA:70,0
DA:71,0
DA:72,0
DA:75,0
DA:76,0
DA:77,0
LF:23
LH:0
end_of_record
TN:
SF:/home/iguo/repos/quanttide/default/quanttide-tech/apps/qtadmin/src/cli/src/business/quote.rs
FN:54,unit_price
FN:59,Quotation::total_hours
FN:63,Quotation::base_total
FN:71,Quotation::premium_amount
FN:75,Quotation::discount_rate
FN:85,Quotation::discount_amount
FN:89,Quotation::total
FN:94,Quotation::approval_type
FN:104,Quotation::summary
FN:135,level_from_str
FN:143,level_label
FN:151,approval_label
FN:159,format_quotation
FN:188,run
FNF:14
FNDA:4,unit_price
FNDA:3,Quotation::total_hours
FNDA:3,Quotation::base_total
FNDA:3,Quotation::premium_amount
FNDA:2,Quotation::discount_rate
FNDA:3,Quotation::discount_amount
FNDA:2,Quotation::total
FNDA:2,Quotation::approval_type
FNDA:3,Quotation::summary
FNDA:0,level_from_str
FNDA:3,level_label
FNDA:3,approval_label
FNDA:3,format_quotation
FNDA:0,run
DA:54,4
DA:55,10
DA:59,3
DA:60,7
DA:63,3
DA:64,1
DA:65,8
DA:66,1
DA:68,6
DA:71,3
DA:72,3
DA:75,2
DA:76,4
DA:77,6
DA:78,2
DA:79,3
DA:82,1
DA:85,3
DA:86,2
DA:89,2
DA:90,4
DA:91,2
DA:94,2
DA:95,4
DA:96,1
DA:98,2
DA:99,2
DA:101,2
DA:104,3
DA:106,2
DA:107,1
DA:108,4
DA:109,3
DA:110,3
DA:111,2
DA:112,4
DA:113,4
DA:135,0
DA:137,0
DA:138,0
DA:139,0
DA:143,3
DA:144,3
DA:145,1
DA:146,2
DA:147,0
DA:151,3
DA:152,3
DA:153,1
DA:154,1
DA:155,1
DA:159,3
DA:160,1
DA:161,12
DA:176,9
DA:178,3
DA:180,3
DA:182,3
DA:184,3
DA:188,0
DA:189,0
DA:190,0
DA:192,0
DA:193,0
DA:197,0
DA:198,0
DA:199,0
DA:203,0
DA:204,0
DA:207,0
DA:208,0
LF:71
LH:54
end_of_record
TN:
SF:/home/iguo/repos/quanttide/default/quanttide-tech/apps/qtadmin/src/cli/src/business/status.rs
FN:7,default_orders
FN:18,format_status
FN:62,run
FNF:3
FNDA:3,default_orders
FNDA:1,format_status
FNDA:0,run
DA:7,3
DA:9,5
DA:18,1
DA:19,1
DA:20,3
DA:22,3
DA:24,2
DA:26,6
DA:29,2
DA:31,2
DA:32,2
DA:34,2
DA:35,7
DA:36,2
DA:37,1
DA:38,2
DA:39,3
DA:40,1
DA:41,3
DA:42,2
DA:43,3
DA:45,3
DA:48,1
DA:49,2
DA:51,0
DA:53,3
DA:56,1
DA:62,0
DA:64,0
LF:29
LH:26
end_of_record
TN:
SF:/home/iguo/repos/quanttide/default/quanttide-tech/apps/qtadmin/src/cli/src/cli.rs
FN:45,run
FNF:1
FNDA:0,run
DA:45,0
DA:46,0
DA:48,0
DA:49,0
DA:50,0
DA:51,0
DA:52,0
DA:53,0
DA:54,0
DA:55,0
DA:56,0
DA:57,0
DA:58,0
LF:13
LH:0
end_of_record
TN:
SF:/home/iguo/repos/quanttide/default/quanttide-tech/apps/qtadmin/src/cli/src/connect/email/lark.rs
FN:28,<impl EmailFetcher for LarkCliFetcher>::fetch_all
FN:54,run_lark_cli
FNF:2
FNDA:0,<impl EmailFetcher for LarkCliFetcher>::fetch_all
FNDA:0,run_lark_cli
DA:28,0
DA:29,0
DA:30,0
DA:32,0
DA:33,0
DA:34,0
DA:35,0
DA:38,0
DA:39,0
DA:44,0
DA:45,0
DA:50,0
DA:54,0
DA:55,0
DA:65,0
DA:66,0
DA:69,0
DA:70,0
DA:71,0
DA:72,0
DA:76,0
DA:77,0
DA:78,0
DA:79,0
DA:82,0
DA:83,0
DA:84,0
DA:87,0
DA:88,0
DA:89,0
DA:92,0
DA:94,0
LF:32
LH:0
end_of_record
TN:
SF:/home/iguo/repos/quanttide/default/quanttide-tech/apps/qtadmin/src/cli/src/git_utils.rs
FN:6,run_git_cmd
FN:21,has_uncommitted_changes
FN:26,commit_and_push
FN:45,update_submodule_in_main_repo
FNF:4
FNDA:1,run_git_cmd
FNDA:1,has_uncommitted_changes
FNDA:1,commit_and_push
FNDA:0,update_submodule_in_main_repo
DA:6,1
DA:7,5
DA:8,1
DA:9,1
DA:11,7
DA:13,2
DA:14,2
DA:15,2
DA:18,6
DA:21,1
DA:22,2
DA:23,3
DA:26,1
DA:31,1
DA:32,1
DA:35,1
DA:36,1
DA:38,1
DA:39,0
DA:42,1
DA:45,0
DA:51,0
DA:53,0
DA:54,0
DA:57,0
DA:59,0
DA:60,0
DA:63,0
LF:28
LH:19
end_of_record
TN:
SF:/home/iguo/repos/quanttide/default/quanttide-tech/apps/qtadmin/src/cli/src/human/config.rs
FNF:0
DA:24,1
DA:25,4
DA:26,1
DA:27,1
DA:28,2
DA:29,1
DA:32,2
DA:33,1
DA:34,4
DA:35,4
DA:38,3
DA:39,3
DA:40,5
DA:41,3
DA:44,3
DA:45,3
DA:46,6
DA:47,3
DA:50,3
DA:51,3
DA:52,6
DA:53,3
DA:56,3
DA:57,3
DA:58,6
DA:59,3
DA:62,3
DA:63,3
DA:64,6
DA:65,3
DA:68,3
DA:69,3
DA:70,6
DA:71,3
DA:74,3
DA:75,3
DA:76,6
DA:77,3
DA:80,3
DA:81,3
DA:82,6
DA:83,3
DA:86,3
DA:87,3
DA:88,6
DA:89,6
DA:92,3
DA:93,3
DA:94,6
DA:95,3
DA:101,1
DA:102,1
DA:104,2
DA:105,0
DA:108,2
DA:109,2
DA:112,1
DA:113,2
DA:116,1
DA:119,1
DA:120,1
DA:121,2
DA:124,1
DA:125,2
DA:126,2
DA:127,2
DA:128,1
DA:133,0
DA:137,2
DA:138,3
DA:139,1
DA:142,1
DA:143,5
DA:144,5
DA:145,4
DA:146,1
DA:147,2
DA:148,1
DA:149,1
DA:150,2
DA:157,3
DA:160,2
DA:161,2
DA:162,4
DA:163,7
DA:164,2
DA:165,0
DA:167,3
DA:168,1
DA:169,0
DA:171,1
DA:173,1
DA:174,6
LF:93
LH:89
end_of_record
TN:
SF:/home/iguo/repos/quanttide/default/quanttide-tech/apps/qtadmin/src/cli/src/human/mod.rs
FN:19,dispatch
FNF:1
FNDA:0,dispatch
DA:19,0
DA:21,0
DA:22,0
DA:23,0
LF:4
LH:0
end_of_record
TN:
SF:/home/iguo/repos/quanttide/default/quanttide-tech/apps/qtadmin/src/cli/src/human/report.rs
FN:8,extract_date
FN:31,filter_by_date
FN:51,build_title
FN:68,format_report
FNF:4
FNDA:1,extract_date
FNDA:1,filter_by_date
FNDA:2,build_title
FNDA:1,format_report
DA:8,1
DA:9,1
DA:10,1
DA:13,2
DA:14,1
DA:17,2
DA:18,1
DA:21,1
DA:22,2
DA:23,1
DA:31,1
DA:36,0
DA:38,4
DA:39,2
DA:40,4
DA:41,4
DA:42,0
DA:43,0
DA:44,0
DA:45,0
DA:51,2
DA:52,1
DA:53,1
DA:54,2
DA:56,1
DA:57,2
DA:58,2
DA:59,2
DA:62,0
DA:63,0
DA:64,0
DA:68,1
DA:73,1
DA:74,1
DA:75,1
DA:76,1
DA:78,3
DA:79,2
DA:80,2
DA:81,1
DA:83,4
DA:86,2
DA:87,1
DA:88,2
DA:91,1
DA:95,3
DA:96,1
DA:100,1
DA:102,2
DA:103,4
DA:104,2
DA:106,1
DA:109,2
DA:110,1
DA:111,3
DA:112,3
DA:117,1
DA:119,1
DA:120,3
DA:121,1
DA:122,3
DA:123,4
DA:124,1
DA:125,2
DA:127,2
DA:129,1
DA:130,2
DA:131,5
DA:132,1
DA:133,3
DA:138,2
DA:139,1
DA:140,2
DA:141,3
DA:142,2
DA:143,1
DA:144,1
DA:145,1
DA:147,2
DA:148,1
DA:150,1
DA:153,2
DA:154,2
DA:156,2
DA:158,1
DA:159,1
DA:160,2
DA:161,1
DA:163,1
DA:166,1
LF:90
LH:82
end_of_record
TN:
SF:/home/iguo/repos/quanttide/default/quanttide-tech/apps/qtadmin/src/cli/src/human/status.rs
FN:20,default_plan
FN:43,<impl PlanStore for FilePlanStore>::load
FN:54,plan_path
FN:74,format_status
FN:106,run
FNF:5
FNDA:2,default_plan
FNDA:0,<impl PlanStore for FilePlanStore>::load
FNDA:0,plan_path
FNDA:1,format_status
FNDA:0,run
DA:20,2
DA:22,2
DA:23,5
DA:43,0
DA:44,0
DA:45,0
DA:46,0
DA:47,0
DA:50,0
DA:54,0
DA:55,0
DA:56,0
DA:57,0
DA:59,0
DA:60,0
DA:61,0
DA:62,0
DA:65,0
DA:66,0
DA:68,0
DA:69,0
DA:71,0
DA:74,1
DA:75,1
DA:76,2
DA:78,4
DA:79,2
DA:80,2
DA:82,2
DA:83,2
DA:84,2
DA:86,2
DA:87,3
DA:88,3
DA:89,3
DA:90,3
DA:93,1
DA:94,4
DA:96,1
DA:98,2
DA:100,2
DA:106,0
DA:108,0
LF:43
LH:22
end_of_record
TN:
SF:/home/iguo/repos/quanttide/default/quanttide-tech/apps/qtadmin/src/cli/src/knowl/acquire.rs
FN:35,default_sources
FN:46,read_text
FN:50,run
FNF:3
FNDA:1,default_sources
FNDA:1,read_text
FNDA:1,run
DA:35,1
DA:36,1
DA:37,2
DA:38,2
DA:39,2
DA:40,2
DA:41,2
DA:42,2
DA:46,1
DA:47,2
DA:50,1
DA:51,1
DA:52,0
DA:53,0
DA:54,0
DA:56,0
DA:58,1
DA:61,2
DA:63,1
DA:64,2
DA:66,3
DA:67,1
DA:68,3
DA:72,1
DA:76,1
DA:77,3
DA:78,1
DA:80,1
DA:81,2
DA:82,1
DA:83,2
DA:85,3
DA:86,1
DA:87,3
DA:88,3
DA:90,1
DA:91,1
DA:92,1
DA:93,1
DA:94,1
DA:96,1
LF:41
LH:37
end_of_record
TN:
SF:/home/iguo/repos/quanttide/default/quanttide-tech/apps/qtadmin/src/cli/src/knowl/mod.rs
FN:17,dispatch
FNF:1
FNDA:0,dispatch
DA:17,0
DA:19,0
DA:20,0
DA:21,0
LF:4
LH:0
end_of_record
TN:
SF:/home/iguo/repos/quanttide/default/quanttide-tech/apps/qtadmin/src/cli/src/main.rs
FN:15,main
FNF:1
FNDA:0,main
DA:15,0
DA:16,0
LF:2
LH:0
end_of_record
TN:
SF:/home/iguo/repos/quanttide/default/quanttide-tech/apps/qtadmin/src/cli/src/project/mod.rs
FN:27,<impl PlanStore for FilePlanStore>::load
FN:38,plan_path
FN:66,dispatch
FNF:3
FNDA:0,<impl PlanStore for FilePlanStore>::load
FNDA:0,plan_path
FNDA:0,dispatch
DA:27,0
DA:28,0
DA:29,0
DA:30,0
DA:31,0
DA:34,0
DA:38,0
DA:39,0
DA:40,0
DA:41,0
DA:43,0
DA:44,0
DA:46,0
DA:47,0
DA:49,0
DA:66,0
DA:68,0
DA:69,0
DA:70,0
LF:19
LH:0
end_of_record
TN:
SF:/home/iguo/repos/quanttide/default/quanttide-tech/apps/qtadmin/src/cli/src/project/status.rs
FN:7,default_status
FN:18,format_status
FN:62,run
FNF:3
FNDA:1,default_status
FNDA:2,format_status
FNDA:0,run
DA:7,1
DA:9,4
DA:18,2
DA:19,2
DA:20,1
DA:22,2
DA:24,2
DA:26,4
DA:29,1
DA:31,2
DA:32,1
DA:34,2
DA:35,6
DA:36,2
DA:37,1
DA:38,2
DA:39,3
DA:40,1
DA:41,0
DA:42,2
DA:43,3
DA:45,3
DA:48,1
DA:49,2
DA:51,0
DA:53,3
DA:56,1
DA:62,0
DA:64,0
LF:29
LH:25
end_of_record
TN:
SF:/home/iguo/repos/quanttide/default/quanttide-tech/apps/qtadmin/src/cli/src/qtclass/mod.rs
FN:17,dispatch
FNF:1
FNDA:0,dispatch
DA:17,0
DA:19,0
DA:20,0
DA:21,0
LF:4
LH:0
end_of_record
TN:
SF:/home/iguo/repos/quanttide/default/quanttide-tech/apps/qtadmin/src/cli/src/qtclass/status.rs
FN:8,format_status
FN:48,run
FNF:2
FNDA:0,format_status
FNDA:0,run
DA:8,0
DA:9,0
DA:10,0
DA:11,0
DA:13,0
DA:15,0
DA:16,0
DA:17,0
DA:18,0
DA:21,0
DA:22,0
DA:24,0
DA:25,0
DA:26,0
DA:27,0
DA:28,0
DA:29,0
DA:30,0
DA:31,0
DA:32,0
DA:34,0
DA:35,0
DA:37,0
DA:39,0
DA:42,0
DA:48,0
DA:49,0
LF:27
LH:0
end_of_record
TN:
SF:/home/iguo/repos/quanttide/default/quanttide-tech/apps/qtadmin/src/cli/src/qtcloud/mod.rs
FN:17,dispatch
FNF:1
FNDA:0,dispatch
DA:17,0
DA:19,0
DA:20,0
DA:21,0
LF:4
LH:0
end_of_record
TN:
SF:/home/iguo/repos/quanttide/default/quanttide-tech/apps/qtadmin/src/cli/src/qtcloud/status.rs
FN:8,format_status
FN:48,run
FNF:2
FNDA:0,format_status
FNDA:0,run
DA:8,0
DA:9,0
DA:10,0
DA:11,0
DA:13,0
DA:15,0
DA:16,0
DA:17,0
DA:18,0
DA:21,0
DA:22,0
DA:24,0
DA:25,0
DA:26,0
DA:27,0
DA:28,0
DA:29,0
DA:30,0
DA:31,0
DA:32,0
DA:34,0
DA:35,0
DA:37,0
DA:39,0
DA:42,0
DA:48,0
DA:49,0
LF:27
LH:0
end_of_record
TN:
SF:/home/iguo/repos/quanttide/default/quanttide-tech/apps/qtadmin/src/cli/src/qtconsult/mod.rs
FN:17,dispatch
FNF:1
FNDA:0,dispatch
DA:17,0
DA:19,0
DA:20,0
DA:21,0
LF:4
LH:0
end_of_record
TN:
SF:/home/iguo/repos/quanttide/default/quanttide-tech/apps/qtadmin/src/cli/src/qtconsult/status.rs
FN:8,format_status
FN:48,run
FNF:2
FNDA:0,format_status
FNDA:0,run
DA:8,0
DA:9,0
DA:10,0
DA:11,0
DA:13,0
DA:15,0
DA:16,0
DA:17,0
DA:18,0
DA:21,0
DA:22,0
DA:24,0
DA:25,0
DA:26,0
DA:27,0
DA:28,0
DA:29,0
DA:30,0
DA:31,0
DA:32,0
DA:34,0
DA:35,0
DA:37,0
DA:39,0
DA:42,0
DA:48,0
DA:49,0
LF:27
LH:0
end_of_record
TN:
SF:/home/iguo/repos/quanttide/default/quanttide-tech/apps/qtadmin/src/cli/src/qtdata/mod.rs
FN:17,dispatch
FNF:1
FNDA:0,dispatch
DA:17,0
DA:19,0
DA:20,0
DA:21,0
LF:4
LH:0
end_of_record
TN:
SF:/home/iguo/repos/quanttide/default/quanttide-tech/apps/qtadmin/src/cli/src/qtdata/status.rs
FN:8,format_status
FN:48,run
FNF:2
FNDA:0,format_status
FNDA:0,run
DA:8,0
DA:9,0
DA:10,0
DA:11,0
DA:13,0
DA:15,0
DA:16,0
DA:17,0
DA:18,0
DA:21,0
DA:22,0
DA:24,0
DA:25,0
DA:26,0
DA:27,0
DA:28,0
DA:29,0
DA:30,0
DA:31,0
DA:32,0
DA:34,0
DA:35,0
DA:37,0
DA:39,0
DA:42,0
DA:48,0
DA:49,0
LF:27
LH:0
end_of_record
TN:
SF:/home/iguo/repos/quanttide/default/quanttide-tech/apps/qtadmin/src/cli/src/qtrecurit/mod.rs
FN:17,dispatch
FNF:1
FNDA:0,dispatch
DA:17,0
DA:19,0
DA:20,0
DA:21,0
LF:4
LH:0
end_of_record
TN:
SF:/home/iguo/repos/quanttide/default/quanttide-tech/apps/qtadmin/src/cli/src/qtrecurit/status.rs
FN:21,resolve_date_range
FN:39,format_status
FN:58,run
FNF:3
FNDA:1,resolve_date_range
FNDA:1,format_status
FNDA:0,run
DA:21,1
DA:22,2
DA:23,1
DA:24,1
DA:25,1
DA:28,2
DA:29,1
DA:30,1
DA:31,1
DA:34,1
DA:35,1
DA:36,1
DA:39,1
DA:40,2
DA:41,3
DA:43,1
DA:45,3
DA:46,1
DA:47,1
DA:51,2
DA:52,2
DA:54,2
DA:55,2
DA:58,0
DA:60,0
DA:61,0
LF:26
LH:23
end_of_record
